This is pdfTeX, Version 3.14159265-2.6-1.40.20 (MiKTeX 2.9.7200 64-bit) (preloaded format=pdflatex 2019.11.12)  27 NOV 2019 18:29
entering extended mode
**./presentation.tex
(presentation.tex
LaTeX2e <2019-10-01>

! LaTeX Error: File `beamer.cls' not found.

Type X to quit or <RETURN> to proceed,
or enter new name. (Default extension: cls)

Enter file name: 
! Emergency stop.
<read *> 
         
l.9 
     
*** (cannot \read from terminal in nonstop modes)

 
Here is how much of TeX's memory you used:
 13 strings out of 492452
 271 string characters out of 3120063
 58865 words of memory out of 3000000
 4470 multiletter control sequences out of 15000+200000
 3640 words of font info for 14 fonts, out of 3000000 for 9000
 1141 hyphenation exceptions out of 8191
 10i,0n,8p,58b,10s stack positions out of 5000i,500n,10000p,200000b,50000s
!  ==> Fatal error occurred, no output PDF file produced!
